-------------------------------------------------------------------------------
Test set: eu.deltasource.training.retailchain.repository.SupplierRepositoryTest
-------------------------------------------------------------------------------
Tests run: 2, Failures: 0, Errors: 2, Skipped: 0, Time elapsed: 4.355 s <<< FAILURE! - in eu.deltasource.training.retailchain.repository.SupplierRepositoryTest
should_findSupplierByIdNumber_when_validData  Time elapsed: 0.002 s  <<< ERROR!
java.lang.IllegalStateException: Failed to load ApplicationContext for [MergedContextConfiguration@1235732d testClass = eu.deltasource.training.retailchain.repository.SupplierRepositoryTest, locations = [], classes = [eu.eugene.training.retailchain.RetailchainApplication], contextInitializerClasses = [], activeProfiles = ["test"], propertySourceLocations = [], propertySourceProperties = ["org.springframework.boot.test.autoconfigure.orm.jpa.DataJpaTestContextBootstrapper=true"], contextCustomizers = [[ImportsContextCustomizer@369d624d key = [org.springframework.boot.autoconfigure.cache.CacheAutoConfiguration, org.springframework.boot.autoconfigure.data.jpa.JpaRepositoriesAutoConfiguration, org.springframework.boot.autoconfigure.flyway.FlywayAutoConfiguration, org.springframework.boot.autoconfigure.jdbc.DataSourceAutoConfiguration, org.springframework.boot.autoconfigure.jdbc.DataSourceTransactionManagerAutoConfiguration, org.springframework.boot.autoconfigure.jdbc.JdbcTemplateAutoConfiguration, org.springframework.boot.autoconfigure.liquibase.LiquibaseAutoConfiguration, org.springframework.boot.autoconfigure.orm.jpa.HibernateJpaAutoConfiguration, org.springframework.boot.autoconfigure.sql.init.SqlInitializationAutoConfiguration, org.springframework.boot.autoconfigure.transaction.TransactionAutoConfiguration, org.springframework.boot.test.autoconfigure.jdbc.TestDatabaseAutoConfiguration, org.springframework.boot.test.autoconfigure.orm.jpa.TestEntityManagerAutoConfiguration]], org.springframework.boot.test.context.filter.ExcludeFilterContextCustomizer@1e63ec0b, org.springframework.boot.test.json.DuplicateJsonObjectContextCustomizerFactory$DuplicateJsonObjectContextCustomizer@285c08c8, org.springframework.boot.test.mock.mockito.MockitoContextCustomizer@0, org.springframework.boot.test.autoconfigure.OverrideAutoConfigurationContextCustomizerFactory$DisableAutoConfigurationContextCustomizer@f79a760, org.springframework.boot.test.autoconfigure.actuate.observability.ObservabilityContextCustomizerFactory$DisableObservabilityContextCustomizer@9da1, org.springframework.boot.test.autoconfigure.filter.TypeExcludeFiltersContextCustomizer@351584c0, org.springframework.boot.test.autoconfigure.properties.PropertyMappingContextCustomizer@3f18f9f5, org.springframework.boot.test.autoconfigure.web.servlet.WebDriverContextCustomizerFactory$Customizer@29e6eb25, org.springframework.boot.test.context.SpringBootTestAnnotation@e5239fef], contextLoader = org.springframework.boot.test.context.SpringBootContextLoader, parent = null]
Caused by: org.springframework.beans.factory.BeanCreationException: Error creating bean with name 'batchRepository' defined in repository.eu.eugene.training.retailchain.BatchRepository defined in @EnableJpaRepositories declared on JpaRepositoriesRegistrar.EnableJpaRepositoriesConfiguration: Could not create query for public abstract void repository.eu.eugene.training.retailchain.BatchRepository.updateHalTimeBatchStatus(int); Reason: Validation failed for query for method public abstract void repository.eu.eugene.training.retailchain.BatchRepository.updateHalTimeBatchStatus(int)
Caused by: org.springframework.data.repository.query.QueryCreationException: Could not create query for public abstract void repository.eu.eugene.training.retailchain.BatchRepository.updateHalTimeBatchStatus(int); Reason: Validation failed for query for method public abstract void repository.eu.eugene.training.retailchain.BatchRepository.updateHalTimeBatchStatus(int)
Caused by: java.lang.IllegalArgumentException: Validation failed for query for method public abstract void repository.eu.eugene.training.retailchain.BatchRepository.updateHalTimeBatchStatus(int)
Caused by: java.lang.IllegalArgumentException: org.hibernate.QueryException: Function timestampdiff() has 3 parameters, but 2 arguments given
Caused by: org.hibernate.QueryException: Function timestampdiff() has 3 parameters, but 2 arguments given

should_markSupplierAsDeleted_when_validData  Time elapsed: 0 s  <<< ERROR!
java.lang.IllegalStateException: Failed to load ApplicationContext for [MergedContextConfiguration@1235732d testClass = eu.deltasource.training.retailchain.repository.SupplierRepositoryTest, locations = [], classes = [eu.eugene.training.retailchain.RetailchainApplication], contextInitializerClasses = [], activeProfiles = ["test"], propertySourceLocations = [], propertySourceProperties = ["org.springframework.boot.test.autoconfigure.orm.jpa.DataJpaTestContextBootstrapper=true"], contextCustomizers = [[ImportsContextCustomizer@369d624d key = [org.springframework.boot.autoconfigure.cache.CacheAutoConfiguration, org.springframework.boot.autoconfigure.data.jpa.JpaRepositoriesAutoConfiguration, org.springframework.boot.autoconfigure.flyway.FlywayAutoConfiguration, org.springframework.boot.autoconfigure.jdbc.DataSourceAutoConfiguration, org.springframework.boot.autoconfigure.jdbc.DataSourceTransactionManagerAutoConfiguration, org.springframework.boot.autoconfigure.jdbc.JdbcTemplateAutoConfiguration, org.springframework.boot.autoconfigure.liquibase.LiquibaseAutoConfiguration, org.springframework.boot.autoconfigure.orm.jpa.HibernateJpaAutoConfiguration, org.springframework.boot.autoconfigure.sql.init.SqlInitializationAutoConfiguration, org.springframework.boot.autoconfigure.transaction.TransactionAutoConfiguration, org.springframework.boot.test.autoconfigure.jdbc.TestDatabaseAutoConfiguration, org.springframework.boot.test.autoconfigure.orm.jpa.TestEntityManagerAutoConfiguration]], org.springframework.boot.test.context.filter.ExcludeFilterContextCustomizer@1e63ec0b, org.springframework.boot.test.json.DuplicateJsonObjectContextCustomizerFactory$DuplicateJsonObjectContextCustomizer@285c08c8, org.springframework.boot.test.mock.mockito.MockitoContextCustomizer@0, org.springframework.boot.test.autoconfigure.OverrideAutoConfigurationContextCustomizerFactory$DisableAutoConfigurationContextCustomizer@f79a760, org.springframework.boot.test.autoconfigure.actuate.observability.ObservabilityContextCustomizerFactory$DisableObservabilityContextCustomizer@9da1, org.springframework.boot.test.autoconfigure.filter.TypeExcludeFiltersContextCustomizer@351584c0, org.springframework.boot.test.autoconfigure.properties.PropertyMappingContextCustomizer@3f18f9f5, org.springframework.boot.test.autoconfigure.web.servlet.WebDriverContextCustomizerFactory$Customizer@29e6eb25, org.springframework.boot.test.context.SpringBootTestAnnotation@e5239fef], contextLoader = org.springframework.boot.test.context.SpringBootContextLoader, parent = null]
Caused by: org.springframework.beans.factory.BeanCreationException: Error creating bean with name 'batchRepository' defined in repository.eu.eugene.training.retailchain.BatchRepository defined in @EnableJpaRepositories declared on JpaRepositoriesRegistrar.EnableJpaRepositoriesConfiguration: Could not create query for public abstract void repository.eu.eugene.training.retailchain.BatchRepository.updateHalTimeBatchStatus(int); Reason: Validation failed for query for method public abstract void repository.eu.eugene.training.retailchain.BatchRepository.updateHalTimeBatchStatus(int)
Caused by: org.springframework.data.repository.query.QueryCreationException: Could not create query for public abstract void repository.eu.eugene.training.retailchain.BatchRepository.updateHalTimeBatchStatus(int); Reason: Validation failed for query for method public abstract void repository.eu.eugene.training.retailchain.BatchRepository.updateHalTimeBatchStatus(int)
Caused by: java.lang.IllegalArgumentException: Validation failed for query for method public abstract void repository.eu.eugene.training.retailchain.BatchRepository.updateHalTimeBatchStatus(int)
Caused by: java.lang.IllegalArgumentException: org.hibernate.QueryException: Function timestampdiff() has 3 parameters, but 2 arguments given
Caused by: org.hibernate.QueryException: Function timestampdiff() has 3 parameters, but 2 arguments given

